{"/tmp/ts-jest-repro/add.ts": {"path":"/tmp/ts-jest-repro/add.ts","statementMap":{"0":{"start":{"line":2,"column":1},"end":{"line":2,"column":14}},"1":{"start":{"line":1,"column":0},"end":{"line":1,"column":16}}},"fnMap":{"0":{"name":"add","decl":{"start":{"line":1,"column":16},"end":{"line":1,"column":19}},"loc":{"start":{"line":1,"column":40},"end":{"line":3,"column":1}}}},"branchMap":{},"s":{"0":1,"1":1},"f":{"0":1},"b":{}}
,"/tmp/ts-jest-repro/index.ts": {"path":"/tmp/ts-jest-repro/index.ts","statementMap":{"0":{"start":{"line":1,"column":0},"end":{"line":1,"column":9}},"1":{"start":{"line":1,"column":9},"end":{"line":1,"column":28}},"2":{"start":{"line":4,"column":1},"end":{"line":4,"column":14}},"3":{"start":{"line":3,"column":0},"end":{"line":3,"column":16}}},"fnMap":{"0":{"name":"(anonymous_0)","decl":{"start":{"line":1,"column":9},"end":{"line":1,"column":12}},"loc":{"start":{"line":1,"column":9},"end":{"line":1,"column":28}}},"1":{"name":"subtract","decl":{"start":{"line":3,"column":16},"end":{"line":3,"column":24}},"loc":{"start":{"line":3,"column":45},"end":{"line":5,"column":1}}}},"branchMap":{},"s":{"0":1,"1":1,"2":1,"3":1},"f":{"0":0,"1":1},"b":{}}
}
